2024-03-27 21:29:35 0 [Note] Starting MariaDB 10.4.32-MariaDB source revision c4143f909528e3fab0677a28631d10389354c491 as process 22080
2024-03-27 21:29:35 0 [Note] InnoDB: Mutexes and rw_locks use Windows interlocked functions
2024-03-27 21:29:35 0 [Note] InnoDB: Uses event mutexes
2024-03-27 21:29:35 0 [Note] InnoDB: Compressed tables use zlib 1.3
2024-03-27 21:29:35 0 [Note] InnoDB: Number of pools: 1
2024-03-27 21:29:35 0 [Note] InnoDB: Using SSE2 crc32 instructions
2024-03-27 21:29:35 0 [Note] InnoDB: Initializing buffer pool, total size = 16M, instances = 1, chunk size = 16M
2024-03-27 21:29:35 0 [Note] InnoDB: Completed initialization of buffer pool
2024-03-27 21:29:35 0 [Note] InnoDB: Starting crash recovery from checkpoint LSN=47047
2024-03-27 21:29:36 0 [Note] InnoDB: 128 out of 128 rollback segments are active.
2024-03-27 21:29:36 0 [Note] InnoDB: Removed temporary tablespace data file: "ibtmp1"
2024-03-27 21:29:36 0 [Note] InnoDB: Creating shared tablespace for temporary tables
2024-03-27 21:29:36 0 [Note] InnoDB: Setting file 'C:\protjeto_unifil\ibtmp1' size to 12 MB. Physically writing the file full; Please wait ...
2024-03-27 21:29:36 0 [Note] InnoDB: File 'C:\protjeto_unifil\ibtmp1' size is now 12 MB.
2024-03-27 21:29:36 0 [Note] InnoDB: Waiting for purge to start
2024-03-27 21:29:36 0 [Note] InnoDB: 10.4.32 started; log sequence number 47056; transaction id 8
2024-03-27 21:29:36 0 [Note] InnoDB: Loading buffer pool(s) from C:\protjeto_unifil\ib_buffer_pool
2024-03-27 21:29:36 0 [Note] Plugin 'FEEDBACK' is disabled.
2024-03-27 21:29:36 0 [Note] InnoDB: Cannot open 'C:\protjeto_unifil\ib_buffer_pool' for reading: No such file or directory
2024-03-27 21:29:36 0 [ERROR] Could not open mysql.plugin table. Some plugins may be not loaded
2024-03-27 21:29:36 0 [ERROR] Can't open and lock privilege tables: Table 'mysql.servers' doesn't exist
2024-03-27 21:29:36 0 [Note] Server socket created on IP: '::'.
2024-03-27 21:29:52 0 [Note] Starting MariaDB 10.4.32-MariaDB source revision c4143f909528e3fab0677a28631d10389354c491 as process 5144
2024-03-27 21:29:52 0 [Note] InnoDB: Mutexes and rw_locks use Windows interlocked functions
2024-03-27 21:29:52 0 [Note] InnoDB: Uses event mutexes
2024-03-27 21:29:52 0 [Note] InnoDB: Compressed tables use zlib 1.3
2024-03-27 21:29:52 0 [Note] InnoDB: Number of pools: 1
2024-03-27 21:29:52 0 [Note] InnoDB: Using SSE2 crc32 instructions
2024-03-27 21:29:52 0 [Note] InnoDB: Initializing buffer pool, total size = 16M, instances = 1, chunk size = 16M
2024-03-27 21:29:52 0 [Note] InnoDB: Completed initialization of buffer pool
2024-03-27 21:29:52 0 [Note] InnoDB: 128 out of 128 rollback segments are active.
2024-03-27 21:29:52 0 [Note] InnoDB: Creating shared tablespace for temporary tables
2024-03-27 21:29:52 0 [Note] InnoDB: Setting file 'C:\protjeto_unifil\ibtmp1' size to 12 MB. Physically writing the file full; Please wait ...
2024-03-27 21:29:52 0 [Note] InnoDB: File 'C:\protjeto_unifil\ibtmp1' size is now 12 MB.
2024-03-27 21:29:52 0 [Note] InnoDB: Waiting for purge to start
2024-03-27 21:29:52 0 [Note] InnoDB: 10.4.32 started; log sequence number 47065; transaction id 8
2024-03-27 21:29:52 0 [Note] InnoDB: Loading buffer pool(s) from C:\protjeto_unifil\ib_buffer_pool
2024-03-27 21:29:52 0 [Note] Plugin 'FEEDBACK' is disabled.
2024-03-27 21:29:52 0 [Note] InnoDB: Buffer pool(s) load completed at 240327 21:29:52
2024-03-27 21:29:52 0 [ERROR] Could not open mysql.plugin table. Some plugins may be not loaded
2024-03-27 21:29:52 0 [ERROR] Can't open and lock privilege tables: Table 'mysql.servers' doesn't exist
2024-03-27 21:29:52 0 [Note] Server socket created on IP: '::'.
