2024-03-27  1:09:33 0 [Note] Starting MariaDB 10.4.32-MariaDB source revision c4143f909528e3fab0677a28631d10389354c491 as process 9012
2024-03-27  1:09:33 0 [Note] InnoDB: Mutexes and rw_locks use Windows interlocked functions
2024-03-27  1:09:33 0 [Note] InnoDB: Uses event mutexes
2024-03-27  1:09:33 0 [Note] InnoDB: Compressed tables use zlib 1.3
2024-03-27  1:09:33 0 [Note] InnoDB: Number of pools: 1
2024-03-27  1:09:33 0 [Note] InnoDB: Using SSE2 crc32 instructions
2024-03-27  1:09:33 0 [Note] InnoDB: Initializing buffer pool, total size = 16M, instances = 1, chunk size = 16M
2024-03-27  1:09:33 0 [Note] InnoDB: Completed initialization of buffer pool
2024-03-27  1:09:33 0 [Note] InnoDB: Starting crash recovery from checkpoint LSN=300288
2024-03-27  1:09:34 0 [Note] InnoDB: 128 out of 128 rollback segments are active.
2024-03-27  1:09:34 0 [Note] InnoDB: Removed temporary tablespace data file: "ibtmp1"
2024-03-27  1:09:34 0 [Note] InnoDB: Creating shared tablespace for temporary tables
2024-03-27  1:09:34 0 [Note] InnoDB: Setting file 'C:\xampp\mysql\data\ibtmp1' size to 12 MB. Physically writing the file full; Please wait ...
2024-03-27  1:09:34 0 [Note] InnoDB: File 'C:\xampp\mysql\data\ibtmp1' size is now 12 MB.
2024-03-27  1:09:34 0 [Note] InnoDB: Waiting for purge to start
2024-03-27  1:09:34 0 [Note] InnoDB: 10.4.32 started; log sequence number 300297; transaction id 170
2024-03-27  1:09:34 0 [Note] InnoDB: Loading buffer pool(s) from C:\xampp\mysql\data\ib_buffer_pool
2024-03-27  1:09:34 0 [Note] Plugin 'FEEDBACK' is disabled.
2024-03-27  1:09:34 0 [Note] Server socket created on IP: '::'.
2024-03-27 20:56:56 0 [Note] Starting MariaDB 10.4.32-MariaDB source revision c4143f909528e3fab0677a28631d10389354c491 as process 15652
2024-03-27 20:56:56 0 [Note] InnoDB: Mutexes and rw_locks use Windows interlocked functions
2024-03-27 20:56:56 0 [Note] InnoDB: Uses event mutexes
2024-03-27 20:56:56 0 [Note] InnoDB: Compressed tables use zlib 1.3
2024-03-27 20:56:56 0 [Note] InnoDB: Number of pools: 1
2024-03-27 20:56:56 0 [Note] InnoDB: Using SSE2 crc32 instructions
2024-03-27 20:56:56 0 [Note] InnoDB: Initializing buffer pool, total size = 16M, instances = 1, chunk size = 16M
2024-03-27 20:56:56 0 [Note] InnoDB: Completed initialization of buffer pool
2024-03-27 20:56:56 0 [Note] InnoDB: Starting crash recovery from checkpoint LSN=300306
2024-03-27 20:56:57 0 [Note] InnoDB: 128 out of 128 rollback segments are active.
2024-03-27 20:56:57 0 [Note] InnoDB: Removed temporary tablespace data file: "ibtmp1"
2024-03-27 20:56:57 0 [Note] InnoDB: Creating shared tablespace for temporary tables
2024-03-27 20:56:57 0 [Note] InnoDB: Setting file 'C:\xampp\mysql\data\ibtmp1' size to 12 MB. Physically writing the file full; Please wait ...
2024-03-27 20:56:57 0 [Note] InnoDB: File 'C:\xampp\mysql\data\ibtmp1' size is now 12 MB.
2024-03-27 20:56:57 0 [Note] InnoDB: Waiting for purge to start
2024-03-27 20:56:57 0 [Note] InnoDB: 10.4.32 started; log sequence number 300315; transaction id 170
2024-03-27 20:56:57 0 [Note] InnoDB: Loading buffer pool(s) from C:\xampp\mysql\data\ib_buffer_pool
2024-03-27 20:56:57 0 [Note] Plugin 'FEEDBACK' is disabled.
2024-03-27 20:56:57 0 [Note] InnoDB: Buffer pool(s) load completed at 240327 20:56:57
2024-03-27 20:56:57 0 [Note] Server socket created on IP: '::'.
2024-03-27 21:24:46 0 [Note] Starting MariaDB 10.4.32-MariaDB source revision c4143f909528e3fab0677a28631d10389354c491 as process 15184
2024-03-27 21:24:46 0 [Note] InnoDB: Mutexes and rw_locks use Windows interlocked functions
2024-03-27 21:24:46 0 [Note] InnoDB: Uses event mutexes
2024-03-27 21:24:46 0 [Note] InnoDB: Compressed tables use zlib 1.3
2024-03-27 21:24:46 0 [Note] InnoDB: Number of pools: 1
2024-03-27 21:24:46 0 [Note] InnoDB: Using SSE2 crc32 instructions
2024-03-27 21:24:46 0 [Note] InnoDB: Initializing buffer pool, total size = 16M, instances = 1, chunk size = 16M
2024-03-27 21:24:46 0 [Note] InnoDB: Completed initialization of buffer pool
2024-03-27 21:24:46 0 [Note] InnoDB: Starting crash recovery from checkpoint LSN=313380
2024-03-27 21:24:46 0 [ERROR] InnoDB: Operating system error number 3 in a file operation.
2024-03-27 21:24:46 0 [ERROR] InnoDB: The error means the system cannot find the path specified.
2024-03-27 21:24:46 0 [ERROR] InnoDB: If you are installing InnoDB, remember that you must create directories yourself, InnoDB does not create them.
2024-03-27 21:24:46 0 [ERROR] InnoDB: Cannot open datafile for read-only: '.\protjeto_unifil\cad_cuidador.ibd' OS error: 203
2024-03-27 21:24:46 0 [ERROR] InnoDB: Operating system error number 203 in a file operation.
2024-03-27 21:24:46 0 [Note] InnoDB: Some operating system error numbers are described at https://mariadb.com/kb/en/library/operating-system-error-codes/
2024-03-27 21:24:46 0 [ERROR] InnoDB: Could not find a valid tablespace file for ``protjeto_unifil`.`cad_cuidador``. Please refer to https://mariadb.com/kb/en/innodb-data-dictionary-troubleshooting/ for how to resolve the issue.
2024-03-27 21:24:46 0 [Warning] InnoDB: Ignoring tablespace for `protjeto_unifil`.`cad_cuidador` because it could not be opened.
2024-03-27 21:24:46 0 [ERROR] InnoDB: Operating system error number 3 in a file operation.
2024-03-27 21:24:46 0 [ERROR] InnoDB: The error means the system cannot find the path specified.
2024-03-27 21:24:46 0 [ERROR] InnoDB: If you are installing InnoDB, remember that you must create directories yourself, InnoDB does not create them.
2024-03-27 21:24:46 0 [ERROR] InnoDB: Cannot open datafile for read-only: '.\protjeto_unifil\cad_dono_pet.ibd' OS error: 203
2024-03-27 21:24:46 0 [ERROR] InnoDB: Operating system error number 203 in a file operation.
2024-03-27 21:24:46 0 [Note] InnoDB: Some operating system error numbers are described at https://mariadb.com/kb/en/library/operating-system-error-codes/
2024-03-27 21:24:46 0 [ERROR] InnoDB: Could not find a valid tablespace file for ``protjeto_unifil`.`cad_dono_pet``. Please refer to https://mariadb.com/kb/en/innodb-data-dictionary-troubleshooting/ for how to resolve the issue.
2024-03-27 21:24:46 0 [Warning] InnoDB: Ignoring tablespace for `protjeto_unifil`.`cad_dono_pet` because it could not be opened.
2024-03-27 21:24:46 0 [ERROR] InnoDB: Operating system error number 3 in a file operation.
2024-03-27 21:24:46 0 [ERROR] InnoDB: The error means the system cannot find the path specified.
2024-03-27 21:24:46 0 [ERROR] InnoDB: If you are installing InnoDB, remember that you must create directories yourself, InnoDB does not create them.
2024-03-27 21:24:46 0 [ERROR] InnoDB: Cannot open datafile for read-only: '.\protjeto_unifil\cad_pet.ibd' OS error: 203
2024-03-27 21:24:46 0 [ERROR] InnoDB: Operating system error number 203 in a file operation.
2024-03-27 21:24:46 0 [Note] InnoDB: Some operating system error numbers are described at https://mariadb.com/kb/en/library/operating-system-error-codes/
2024-03-27 21:24:46 0 [ERROR] InnoDB: Could not find a valid tablespace file for ``protjeto_unifil`.`cad_pet``. Please refer to https://mariadb.com/kb/en/innodb-data-dictionary-troubleshooting/ for how to resolve the issue.
2024-03-27 21:24:46 0 [Warning] InnoDB: Ignoring tablespace for `protjeto_unifil`.`cad_pet` because it could not be opened.
2024-03-27 21:24:46 0 [Note] InnoDB: 128 out of 128 rollback segments are active.
2024-03-27 21:24:46 0 [Note] InnoDB: Removed temporary tablespace data file: "ibtmp1"
2024-03-27 21:24:46 0 [Note] InnoDB: Creating shared tablespace for temporary tables
2024-03-27 21:24:46 0 [Note] InnoDB: Setting file 'C:\xampp\mysql\data\ibtmp1' size to 12 MB. Physically writing the file full; Please wait ...
2024-03-27 21:24:46 0 [Note] InnoDB: File 'C:\xampp\mysql\data\ibtmp1' size is now 12 MB.
2024-03-27 21:24:46 0 [Note] InnoDB: Waiting for purge to start
2024-03-27 21:24:46 0 [Note] InnoDB: 10.4.32 started; log sequence number 313389; transaction id 193
2024-03-27 21:24:46 0 [Note] InnoDB: Loading buffer pool(s) from C:\xampp\mysql\data\ib_buffer_pool
2024-03-27 21:24:46 0 [Note] Plugin 'FEEDBACK' is disabled.
2024-03-27 21:24:46 0 [Note] Server socket created on IP: '::'.
2024-03-27 21:28:08 0 [Note] Starting MariaDB 10.4.32-MariaDB source revision c4143f909528e3fab0677a28631d10389354c491 as process 2940
2024-03-27 21:28:08 0 [Note] InnoDB: The first innodb_system data file 'ibdata1' did not exist. A new tablespace will be created!
2024-03-27 21:28:08 0 [Note] InnoDB: Mutexes and rw_locks use Windows interlocked functions
2024-03-27 21:28:08 0 [Note] InnoDB: Uses event mutexes
2024-03-27 21:28:08 0 [Note] InnoDB: Compressed tables use zlib 1.3
2024-03-27 21:28:08 0 [Note] InnoDB: Number of pools: 1
2024-03-27 21:28:08 0 [Note] InnoDB: Using SSE2 crc32 instructions
2024-03-27 21:28:08 0 [Note] InnoDB: Initializing buffer pool, total size = 16M, instances = 1, chunk size = 16M
2024-03-27 21:28:08 0 [Note] InnoDB: Completed initialization of buffer pool
2024-03-27 21:28:08 0 [Note] InnoDB: Setting file 'C:\protjeto_unifil\ibdata1' size to 10 MB. Physically writing the file full; Please wait ...
2024-03-27 21:28:08 0 [Note] InnoDB: File 'C:\protjeto_unifil\ibdata1' size is now 10 MB.
2024-03-27 21:28:08 0 [Note] InnoDB: Setting log file C:\protjeto_unifil\ib_logfile101 size to 5242880 bytes
2024-03-27 21:28:08 0 [Note] InnoDB: Setting log file C:\protjeto_unifil\ib_logfile1 size to 5242880 bytes
2024-03-27 21:28:08 0 [Note] InnoDB: Renaming log file C:\protjeto_unifil\ib_logfile101 to C:\protjeto_unifil\ib_logfile0
2024-03-27 21:28:08 0 [Note] InnoDB: New log files created, LSN=11451
2024-03-27 21:28:08 0 [Note] InnoDB: Doublewrite buffer not found: creating new
2024-03-27 21:28:08 0 [Note] InnoDB: Doublewrite buffer created
2024-03-27 21:28:08 0 [Note] InnoDB: 128 out of 128 rollback segments are active.
2024-03-27 21:28:08 0 [Note] InnoDB: Creating foreign key constraint system tables.
2024-03-27 21:28:08 0 [Note] InnoDB: Creating tablespace and datafile system tables.
2024-03-27 21:28:08 0 [Note] InnoDB: Creating sys_virtual system tables.
2024-03-27 21:28:08 0 [Note] InnoDB: Creating shared tablespace for temporary tables
2024-03-27 21:28:08 0 [Note] InnoDB: Setting file 'C:\protjeto_unifil\ibtmp1' size to 12 MB. Physically writing the file full; Please wait ...
2024-03-27 21:28:08 0 [Note] InnoDB: File 'C:\protjeto_unifil\ibtmp1' size is now 12 MB.
2024-03-27 21:28:08 0 [Note] InnoDB: Waiting for purge to start
2024-03-27 21:28:08 0 [Note] InnoDB: 10.4.32 started; log sequence number 0; transaction id 7
2024-03-27 21:28:08 0 [Note] Plugin 'FEEDBACK' is disabled.
2024-03-27 21:28:08 0 [Note] Server socket created on IP: '::'.
